Unable to capture context for thread 2200 in process 8832, can not generate back trace
Unable to capture context for thread 8752 in process 8832, can not generate back trace
Exception at PC 0x00007FFA4E40BB93
Printing stacktrace...

[0]  [0x00007FFA4E40BB93]
[1]  [0x00007FFA4E40BB93]
[2]  [0x00007FFA4E40B4A1]
[3]  [0x00007FFA4E40B3EF]
[4]  [0x00007FFA4E3F19FE]
[5]  [0x00007FFA4E3F0ED1]
[6]  [0x00007FFA4E3F0D76]
[7]  [0x00007FFA4E3979F6]
[8]  [0x00007FFA4E387AFB]
[9]  [0x00007FFA4E4AE90A]
[10]  [0x00007FFA4E4C9F87]
[11]  [0x00007FFA4E4CA05F]
[12] (BaseThreadInitThunk+0x22) [0x00007FFA867913D2]
[13] (RtlUserThreadStart+0x34) [0x00007FFA86BC54E4]
Done
Exception at PC 0x00007FFA4E111A52
Attemped to write at address 0x00007FFA58CFABA4
Printing stacktrace...

[0]  [0x00007FFA4E111A52]
[1]  [0x00007FFA4E111A52]
[2]  [0x00007FFA4E111AD4]
[3]  [0x00007FFA4E253FF7]
[4]  [0x00007FFA4E139128]
[5]  [0x00007FFA4E3EDFB9]
[6]  [0x00007FFA4E5BEF23]
[7]  [0x00007FFA4E4CB06B]
[8]  [0x00007FFA4E4C08AF]
[9]  [0x00007FFA4E4C0A32]
[10] (RtlActivateActivationContextUnsafeFast+0x114) [0x00007FFA86BCC0F4]
[11] (LdrShutdownProcess+0x142) [0x00007FFA86BCB502]
[12] (RtlExitUserProcess+0x98) [0x00007FFA86BC8528]
[13] (FatalExit+0xa) [0x00007FFA8679516A]
[14] (exit+0x25) [0x00007FFA863771D5]
[15] (flushall+0x22f) [0x00007FFA86376E6F]
[16]  [0x00000000004014CD]
[17]  [0x000000000040151B]
[18] (BaseThreadInitThunk+0x22) [0x00007FFA867913D2]
[19] (RtlUserThreadStart+0x34) [0x00007FFA86BC54E4]
Done
